Performing C SOURCE FILE Test CMAKE_HAVE_LIBC_PTHREAD failed with the following output:
Change Dir: /ORB_SLAM3/catkin_ws/build/catkin_tools_prebuild/CMakeFiles/CMakeTmp

Run Build Command(s):/usr/bin/make cmTC_fca15/fast && /usr/bin/make  -f CMakeFiles/cmTC_fca15.dir/build.make CMakeFiles/cmTC_fca15.dir/build
make[1]: Entering directory '/ORB_SLAM3/catkin_ws/build/catkin_tools_prebuild/CMakeFiles/CMakeTmp'
Building C object CMakeFiles/cmTC_fca15.dir/src.c.o
/usr/bin/gcc-7   -DCMAKE_HAVE_LIBC_PTHREAD   -o CMakeFiles/cmTC_fca15.dir/src.c.o   -c /ORB_SLAM3/catkin_ws/build/catkin_tools_prebuild/CMakeFiles/CMakeTmp/src.c
Linking C executable cmTC_fca15
/usr/local/bin/cmake -E cmake_link_script CMakeFiles/cmTC_fca15.dir/link.txt --verbose=1
/usr/bin/gcc-7  -DCMAKE_HAVE_LIBC_PTHREAD    -rdynamic CMakeFiles/cmTC_fca15.dir/src.c.o  -o cmTC_fca15 
CMakeFiles/cmTC_fca15.dir/src.c.o: In function `main':
src.c:(.text+0x3e): undefined reference to `pthread_create'
src.c:(.text+0x4a): undefined reference to `pthread_detach'
src.c:(.text+0x5b): undefined reference to `pthread_join'
src.c:(.text+0x6f): undefined reference to `pthread_atfork'
collect2: error: ld returned 1 exit status
CMakeFiles/cmTC_fca15.dir/build.make:89: recipe for target 'cmTC_fca15' failed
make[1]: *** [cmTC_fca15] Error 1
make[1]: Leaving directory '/ORB_SLAM3/catkin_ws/build/catkin_tools_prebuild/CMakeFiles/CMakeTmp'
Makefile:124: recipe for target 'cmTC_fca15/fast' failed
make: *** [cmTC_fca15/fast] Error 2


Source file was:
#include <pthread.h>

void* test_func(void* data)
{
  return data;
}

int main(void)
{
  pthread_t thread;
  pthread_create(&thread, NULL, test_func, NULL);
  pthread_detach(thread);
  pthread_join(thread, NULL);
  pthread_atfork(NULL, NULL, NULL);
  pthread_exit(NULL);

  return 0;
}

Determining if the function pthread_create exists in the pthreads failed with the following output:
Change Dir: /ORB_SLAM3/catkin_ws/build/catkin_tools_prebuild/CMakeFiles/CMakeTmp

Run Build Command(s):/usr/bin/make cmTC_25616/fast && /usr/bin/make  -f CMakeFiles/cmTC_25616.dir/build.make CMakeFiles/cmTC_25616.dir/build
make[1]: Entering directory '/ORB_SLAM3/catkin_ws/build/catkin_tools_prebuild/CMakeFiles/CMakeTmp'
Building C object CMakeFiles/cmTC_25616.dir/CheckFunctionExists.c.o
/usr/bin/gcc-7   -DCHECK_FUNCTION_EXISTS=pthread_create   -o CMakeFiles/cmTC_25616.dir/CheckFunctionExists.c.o   -c /usr/local/share/cmake-3.16/Modules/CheckFunctionExists.c
Linking C executable cmTC_25616
/usr/local/bin/cmake -E cmake_link_script CMakeFiles/cmTC_25616.dir/link.txt --verbose=1
/usr/bin/gcc-7  -DCHECK_FUNCTION_EXISTS=pthread_create    -rdynamic CMakeFiles/cmTC_25616.dir/CheckFunctionExists.c.o  -o cmTC_25616  -lpthreads 
/usr/bin/ld: cannot find -lpthreads
collect2: error: ld returned 1 exit status
CMakeFiles/cmTC_25616.dir/build.make:89: recipe for target 'cmTC_25616' failed
make[1]: *** [cmTC_25616] Error 1
make[1]: Leaving directory '/ORB_SLAM3/catkin_ws/build/catkin_tools_prebuild/CMakeFiles/CMakeTmp'
Makefile:124: recipe for target 'cmTC_25616/fast' failed
make: *** [cmTC_25616/fast] Error 2



